<?xml version="1.0" encoding="UTF-8"?>
<!-- Generated by org.testng.reporters.JUnitReportReporter -->
<testsuite hostname="sys" name="com.testcases.countlinkstestng" tests="1" failures="0" timestamp="24 Apr 2020 17:38:39 GMT" time="24.564" errors="0">
  <testcase name="links" time="24.564" classname="com.testcases.countlinkstestng"/>
</testsuite> <!-- com.testcases.countlinkstestng -->
