<?xml version="1.0" encoding="UTF-8"?>
<!-- Generated by org.testng.reporters.JUnitReportReporter -->
<testsuite hostname="sys" name="com.testcases.parameterizewithdataprovider" tests="3" failures="0" timestamp="23 Apr 2020 18:16:46 GMT" time="47.346" errors="0">
  <testcase name="Loginintofacebook" time="14.894" classname="com.testcases.parameterizewithdataprovider"/>
  <testcase name="Loginintofacebook" time="16.420" classname="com.testcases.parameterizewithdataprovider"/>
  <testcase name="Loginintofacebook" time="16.032" classname="com.testcases.parameterizewithdataprovider"/>
</testsuite> <!-- com.testcases.parameterizewithdataprovider -->
