<?xml version="1.0" encoding="UTF-8"?>
<!-- Generated by org.testng.reporters.JUnitReportReporter -->
<testsuite hostname="sys" name="com.testcases.forbeshw" tests="1" failures="0" timestamp="24 Apr 2020 18:31:54 GMT" time="14.554" errors="0">
  <testcase name="forbe" time="14.554" classname="com.testcases.forbeshw"/>
</testsuite> <!-- com.testcases.forbeshw -->
